<?xml version="1.0" encoding="UTF-8"?>
<!-- Generated by org.testng.reporters.JUnitReportReporter -->
<testsuite hostname="Balas-Air" failures="0" tests="1" name="org.testing.testscripts.TC2_GetAllRequest" time="2.207" errors="0" timestamp="2023-12-13T13:16:23 EST" skipped="0">
  <testcase classname="org.testing.testscripts.TC2_GetAllRequest" name="tc2" time="2.207"/>
</testsuite> <!-- org.testing.testscripts.TC2_GetAllRequest -->
